<?xml version="1.0" encoding="UTF-8"?>
<robot rpa="true" generated="20190228 15:07:16.696" generator="Robot 3.1.1 (Python 2.7.15 on win32)">
<suite source="d:\DGL\Case\BuyCase\otherExpense Add\TS_OE_Add_Cr_002.robot" id="s1" name="TS OE Add Cr 002">
<kw type="setup" name="Open the web page" library="dglforsme">
<kw name="Open Browser" library="SeleniumLibrary">
<doc>Opens a new browser instance to the given ``url``.</doc>
<arguments>
<arg>${open_url}</arg>
<arg>chrome</arg>
</arguments>
<msg timestamp="20190228 15:07:17.248" level="INFO">Opening browser 'chrome' to base url 'https://dgl-acct.addtechhub.com'.</msg>
<status status="PASS" endtime="20190228 15:07:23.547" starttime="20190228 15:07:17.248"></status>
</kw>
<kw name="Maximize Browser Window" library="SeleniumLibrary">
<doc>Maximizes current browser window.</doc>
<kw name="Capture Page Screenshot" library="SeleniumLibrary">
<doc>Takes screenshot of the current page and embeds it into log file.</doc>
<msg timestamp="20190228 15:07:23.562" level="FAIL">NoSuchWindowException: Message: no such window: target window already closed
from unknown error: web view not found
  (Session info: chrome=72.0.3626.119)
  (Driver info: chromedriver=73.0.3683.20 (8e2b610813e167eee3619ac4ce6e42e3ec622017),platform=Windows NT 10.0.17134 x86_64)
</msg>
<status status="FAIL" endtime="20190228 15:07:23.563" starttime="20190228 15:07:23.551"></status>
</kw>
<msg timestamp="20190228 15:07:23.564" level="WARN">Keyword 'Capture Page Screenshot' could not be run on failure: NoSuchWindowException: Message: no such window: target window already closed
from unknown error: web view not found
  (Session info: chrome=72.0.3626.119)
  (Driver info: chromedriver=73.0.3683.20 (8e2b610813e167eee3619ac4ce6e42e3ec622017),platform=Windows NT 10.0.17134 x86_64)
</msg>
<msg timestamp="20190228 15:07:23.661" level="FAIL">NoSuchWindowException: Message: no such window: target window already closed
from unknown error: web view not found
  (Session info: chrome=72.0.3626.119)
  (Driver info: chromedriver=73.0.3683.20 (8e2b610813e167eee3619ac4ce6e42e3ec622017),platform=Windows NT 10.0.17134 x86_64)
</msg>
<status status="FAIL" endtime="20190228 15:07:23.662" starttime="20190228 15:07:23.548"></status>
</kw>
<status status="FAIL" endtime="20190228 15:07:23.662" starttime="20190228 15:07:17.247"></status>
</kw>
<test id="s1-t1" name="2ตรวจสอบการเพิ่มรายการ_กรณี_นิติบุคคลมี_VATจ่ายเจ้าหนี้ไม่มี_VAT_รายการมี_TAX(2%)_">
<status status="FAIL" endtime="20190228 15:07:23.673" critical="yes" starttime="20190228 15:07:23.662">Parent suite setup failed:
NoSuchWindowException: Message: no such window: target window already closed
from unknown error: web view not found
  (Session info: chrome=72.0.3626.119)
  (Driver info: chromedriver=73.0.3683.20 (8e2b610813e167eee3619ac4ce6e42e3ec622017),platform=Windows NT 10.0.17134 x86_64)
</status>
</test>
<kw type="teardown" name="Close Browser" library="SeleniumLibrary">
<doc>Closes the current browser.</doc>
<status status="PASS" endtime="20190228 15:07:25.813" starttime="20190228 15:07:23.704"></status>
</kw>
<status status="FAIL" endtime="20190228 15:07:25.813" starttime="20190228 15:07:16.700">Suite setup failed:
NoSuchWindowException: Message: no such window: target window already closed
from unknown error: web view not found
  (Session info: chrome=72.0.3626.119)
  (Driver info: chromedriver=73.0.3683.20 (8e2b610813e167eee3619ac4ce6e42e3ec622017),platform=Windows NT 10.0.17134 x86_64)
</status>
</suite>
<statistics>
<total>
<stat fail="1" pass="0">Critical Tasks</stat>
<stat fail="1" pass="0">All Tasks</stat>
</total>
<tag>
</tag>
<suite>
<stat fail="1" id="s1" name="TS OE Add Cr 002" pass="0">TS OE Add Cr 002</stat>
</suite>
</statistics>
<errors>
<msg timestamp="20190228 15:07:17.228" level="ERROR">Error in file 'd:\DGL\Resource\keywords.resource': Test library '\Users\USER1\.jenkins\workspace\DGL\Resource\easy_math.py' does not exist.</msg>
<msg timestamp="20190228 15:07:23.564" level="WARN">Keyword 'Capture Page Screenshot' could not be run on failure: NoSuchWindowException: Message: no such window: target window already closed
from unknown error: web view not found
  (Session info: chrome=72.0.3626.119)
  (Driver info: chromedriver=73.0.3683.20 (8e2b610813e167eee3619ac4ce6e42e3ec622017),platform=Windows NT 10.0.17134 x86_64)
</msg>
</errors>
</robot>
